#
# There is insufficient memory for the Java Runtime Environment to continue.
# Native memory allocation (mmap) failed to map 109051904 bytes for Failed to commit area from 0x0000000621400000 to 0x0000000627c00000 of length 109051904.
# Possible reasons:
#   The system is out of physical RAM or swap space
#   The process is running with CompressedOops enabled, and the Java Heap may be blocking the growth of the native heap
# Possible solutions:
#   Reduce memory load on the system
#   Increase physical memory or swap space
#   Check if swap backing store is full
#   Decrease Java heap size (-Xmx/-Xms)
#   Decrease number of Java threads
#   Decrease Java thread stack sizes (-Xss)
#   Set larger code cache with -XX:ReservedCodeCacheSize=
#   JVM is running with Zero Based Compressed Oops mode in which the Java heap is
#     placed in the first 32GB address space. The Java Heap base address is the
#     maximum limit for the native heap growth. Please use -XX:HeapBaseMinAddress
#     to set the Java Heap base and to place the Java Heap above 32GB virtual address.
# This output file may be truncated or incomplete.
#
#  Out of Memory Error (t:/workspace/open/src/hotspot/os/windows/os_windows.cpp:3269), pid=27784, tid=28220
#
# JRE version: OpenJDK Runtime Environment (11.0.2+9) (build 11.0.2+9)
# Java VM: OpenJDK 64-Bit Server VM (11.0.2+9, mixed mode, tiered, compressed oops, g1 gc, windows-amd64)
# No core dump will be written. Minidumps are not enabled by default on client versions of Windows
#

---------------  S U M M A R Y ------------

Command Line: bob/bob.jar --settings bob/settings/release_game.project_settings --archive --with-symbols --variant debug --platform=x86_64-win32 --bo bob/releases/release/win clean resolve build bundle

Host: AMD Ryzen 7 3800X 8-Core Processor             , 16 cores, 31G,  Windows 10 , 64 bit Build 19041 (10.0.19041.662)
Time: Thu Apr 29 15:08:01 2021 RTZ 2 (зима) elapsed time: 4 seconds (0d 0h 0m 4s)

---------------  T H R E A D  ---------------

Current thread (0x00000145c277e000):  VMThread "VM Thread" [stack: 0x0000004363000000,0x0000004363100000] [id=28220]

Stack: [0x0000004363000000,0x0000004363100000]
[error occurred during error reporting (printing stack bounds), id 0xc0000005, EXCEPTION_ACCESS_VIOLATION (0xc0000005) at pc=0x000001459bdd0bad]

Native frames: (J=compiled Java code, j=interpreted, Vv=VM code, C=native code)
V  [jvm.dll+0x63489a]
V  [jvm.dll+0x771f9f]
V  [jvm.dll+0x773648]
V  [jvm.dll+0x773c65]
V  [jvm.dll+0x773c1b]
V  [jvm.dll+0x633fa6]
V  [jvm.dll+0x634368]
C  [ntdll.dll+0xa130f]
C  [ntdll.dll+0x4b5e4]
C  [ntdll.dll+0x9fe3e]
C  0x000001459bdd0bad

VM_Operation (0x0000004362afe590): G1CollectForAllocation, mode: safepoint, requested by thread 0x0000014593a59800


---------------  P R O C E S S  ---------------

Threads class SMR info:
_java_thread_list=0x00000145c5ca65c0, length=17, elements={
0x0000014593a59800, 0x00000145c277f000, 0x00000145c27a2800, 0x00000145c27ff800,
0x00000145c2801800, 0x00000145c2804000, 0x00000145c2807000, 0x00000145c2813800,
0x00000145c29a1800, 0x00000145c2991000, 0x00000145c299f800, 0x00000145c307c000,
0x00000145c307d000, 0x00000145c3757800, 0x00000145c3943000, 0x00000145c3934800,
0x00000145c3ee2000
}

Java Threads: ( => current thread )
  0x0000014593a59800 JavaThread "main" [_thread_blocked, id=28536, stack(0x0000004362a00000,0x0000004362b00000)]
  0x00000145c277f000 JavaThread "Reference Handler" daemon [_thread_blocked, id=29612, stack(0x0000004363100000,0x0000004363200000)]
  0x00000145c27a2800 JavaThread "Finalizer" daemon [_thread_blocked, id=28340, stack(0x0000004363200000,0x0000004363300000)]
  0x00000145c27ff800 JavaThread "Signal Dispatcher" daemon [_thread_blocked, id=18536, stack(0x0000004363300000,0x0000004363400000)]
  0x00000145c2801800 JavaThread "Attach Listener" daemon [_thread_blocked, id=28312, stack(0x0000004363400000,0x0000004363500000)]
  0x00000145c2804000 JavaThread "C2 CompilerThread0" daemon [_thread_blocked, id=26868, stack(0x0000004363500000,0x0000004363600000)]
  0x00000145c2807000 JavaThread "C1 CompilerThread0" daemon [_thread_blocked, id=28636, stack(0x0000004363600000,0x0000004363700000)]
  0x00000145c2813800 JavaThread "Sweeper thread" daemon [_thread_blocked, id=19728, stack(0x0000004363700000,0x0000004363800000)]
  0x00000145c29a1800 JavaThread "Service Thread" daemon [_thread_blocked, id=25264, stack(0x0000004363800000,0x0000004363900000)]
  0x00000145c2991000 JavaThread "Common-Cleaner" daemon [_thread_blocked, id=27392, stack(0x0000004363a00000,0x0000004363b00000)]
  0x00000145c299f800 JavaThread "C1 CompilerThread1" daemon [_thread_blocked, id=25940, stack(0x0000004363b00000,0x0000004363c00000)]
  0x00000145c307c000 JavaThread "C1 CompilerThread2" daemon [_thread_blocked, id=23388, stack(0x0000004363f00000,0x0000004364000000)]
  0x00000145c307d000 JavaThread "C1 CompilerThread3" daemon [_thread_blocked, id=28216, stack(0x0000004364000000,0x0000004364100000)]
  0x00000145c3757800 JavaThread "Keep-Alive-Timer" daemon [_thread_blocked, id=15104, stack(0x0000004363c00000,0x0000004363d00000)]
  0x00000145c3943000 JavaThread "C2 CompilerThread1" daemon [_thread_blocked, id=17276, stack(0x0000004363d00000,0x0000004363e00000)]
  0x00000145c3934800 JavaThread "C2 CompilerThread2" daemon [_thread_blocked, id=3716, stack(0x0000004363e00000,0x0000004363f00000)]
  0x00000145c3ee2000 JavaThread "Java2D Disposer" daemon [_thread_blocked, id=28940, stack(0x0000004364e00000,0x0000004364f00000)]

Other Threads:
=>0x00000145c277e000 VMThread "VM Thread" [stack: 0x0000004363000000,0x0000004363100000] [id=28220]
  0x00000145c29a4000 WatcherThread [stack: 0x0000004363900000,0x0000004363a00000] [id=29168]
  0x0000014593a71800 GCTaskThread "GC Thread#0" [stack: 0x0000004362b00000,0x0000004362c00000] [id=23120]
  0x00000145c3464000 GCTaskThread "GC Thread#1" [stack: 0x0000004364100000,0x0000004364200000] [id=29080]
  0x00000145c3464800 GCTaskThread "GC Thread#2" [stack: 0x0000004364200000,0x0000004364300000] [id=18160]
  0x00000145c36b1000 GCTaskThread "GC Thread#3" [stack: 0x0000004364300000,0x0000004364400000] [id=15024]
  0x00000145c36b2000 GCTaskThread "GC Thread#4" [stack: 0x0000004364400000,0x0000004364500000] [id=17680]
  0x00000145c36db000 GCTaskThread "GC Thread#5" [stack: 0x0000004364500000,0x0000004364600000] [id=20056]
  0x00000145c36d9800 GCTaskThread "GC Thread#6" [stack: 0x0000004364600000,0x0000004364700000] [id=18552]
  0x00000145c36de000 GCTaskThread "GC Thread#7" [stack: 0x0000004364700000,0x0000004364800000] [id=8772]
  0x00000145c36da800 GCTaskThread "GC Thread#8" [stack: 0x0000004364800000,0x0000004364900000] [id=28912]
  0x00000145c36dd000 GCTaskThread "GC Thread#9" [stack: 0x0000004364900000,0x0000004364a00000] [id=28364]
  0x00000145c36d8000 GCTaskThread "GC Thread#10" [stack: 0x0000004364a00000,0x0000004364b00000] [id=25672]
  0x00000145c36d7800 GCTaskThread "GC Thread#11" [stack: 0x0000004364b00000,0x0000004364c00000] [id=21692]
  0x0000014593af4800 ConcurrentGCThread "G1 Main Marker" [stack: 0x0000004362c00000,0x0000004362d00000] [id=21520]
  0x0000014593af7000 ConcurrentGCThread "G1 Conc#0" [stack: 0x0000004362d00000,0x0000004362e00000] [id=16536]
  0x00000145c36d9000 ConcurrentGCThread "G1 Conc#1" [stack: 0x0000004364c00000,0x0000004364d00000] [id=22960]
  0x00000145c36db800 ConcurrentGCThread "G1 Conc#2" [stack: 0x0000004364d00000,0x0000004364e00000] [id=25060]
  0x00000145c1de0000 ConcurrentGCThread "G1 Refine#0" [stack: 0x0000004362e00000,0x0000004362f00000] [id=2600]
  0x00000145c1de1000 ConcurrentGCThread "G1 Young RemSet Sampling" [stack: 0x0000004362f00000,0x0000004363000000] [id=23364]

Threads with active compile tasks:
C2 CompilerThread14092   !   4       com.dynamo.bob.font.Fontc::generateGlyphData (2126 bytes)

VM state:at safepoint (normal execution)

VM Mutex/Monitor currently owned by a thread:  ([mutex/lock_event])
[0x0000014593a56900] Threads_lock - owner thread: 0x00000145c277e000
[0x0000014593a56fc0] Heap_lock - owner thread: 0x0000014593a59800

Heap address: 0x0000000601400000, size: 8172 MB, Compressed Oops mode: Zero based, Oop shift amount: 3
Narrow klass base: 0x0000000800000000, Narrow klass shift: 0
Compressed class space size: 1073741824 Address: 0x0000000800000000

Heap:
 garbage-first heap   total 630784K, used 35506K [0x0000000601400000, 0x0000000800000000)
  region size 2048K, 9 young (18432K), 9 survivors (18432K)
 Metaspace       used 28075K, capacity 28688K, committed 28928K, reserved 1075200K
  class space    used 2784K, capacity 3005K, committed 3072K, reserved 1048576K
Heap Regions: E=young(eden), S=young(survivor), O=old, HS=humongous(starts), HC=humongous(continues), CS=collection set, F=free, A=archive, TAMS=top-at-mark-start (previous, next)
|   0|0x0000000601400000, 0x0000000601600000, 0x0000000601600000|100%| O|  |TAMS 0x0000000601400000, 0x0000000601400000| Untracked 
|   1|0x0000000601600000, 0x00000006017ba400, 0x0000000601800000| 86%| O|  |TAMS 0x0000000601600000, 0x0000000601600000| Untracked 
|   2|0x0000000601800000, 0x0000000601a00000, 0x0000000601a00000|100%|HS|  |TAMS 0x0000000601800000, 0x0000000601800000| Complete 
|   3|0x0000000601a00000, 0x0000000601c00000, 0x0000000601c00000|100%|HC|  |TAMS 0x0000000601a00000, 0x0000000601a00000| Complete 
|   4|0x0000000601c00000, 0x0000000601c00000, 0x0000000601e00000|  0%| F|  |TAMS 0x0000000601c00000, 0x0000000601c00000| Untracked 
|   5|0x0000000601e00000, 0x0000000601e00000, 0x0000000602000000|  0%| F|  |TAMS 0x0000000601e00000, 0x0000000601e00000| Untracked 
|   6|0x0000000602000000, 0x0000000602000000, 0x0000000602200000|  0%| F|  |TAMS 0x0000000602000000, 0x0000000602000000| Untracked 
|   7|0x0000000602200000, 0x0000000602400000, 0x0000000602400000|100%|HS|  |TAMS 0x0000000602200000, 0x0000000602200000| Complete 
|   8|0x0000000602400000, 0x0000000602600000, 0x0000000602600000|100%|HC|  |TAMS 0x0000000602400000, 0x0000000602400000| Complete 
|   9|0x0000000602600000, 0x0000000602800000, 0x0000000602800000|100%|HS|  |TAMS 0x0000000602600000, 0x0000000602600000| Complete 
|  10|0x0000000602800000, 0x0000000602a00000, 0x0000000602a00000|100%|HC|  |TAMS 0x0000000602800000, 0x0000000602800000| Complete 
|  11|0x0000000602a00000, 0x0000000602c00000, 0x0000000602c00000|100%|HC|  |TAMS 0x0000000602a00000, 0x0000000602a00000| Complete 
|  12|0x0000000602c00000, 0x0000000602c00000, 0x0000000602e00000|  0%| F|  |TAMS 0x0000000602c00000, 0x0000000602c00000| Untracked 
|  13|0x0000000602e00000, 0x0000000602e00000, 0x0000000603000000|  0%| F|  |TAMS 0x0000000602e00000, 0x0000000602e00000| Untracked 
|  14|0x0000000603000000, 0x0000000603000000, 0x0000000603200000|  0%| F|  |TAMS 0x0000000603000000, 0x0000000603000000| Untracked 
|  15|0x0000000603200000, 0x0000000603200000, 0x0000000603400000|  0%| F|  |TAMS 0x0000000603200000, 0x0000000603200000| Untracked 
|  16|0x0000000603400000, 0x0000000603400000, 0x0000000603600000|  0%| F|  |TAMS 0x0000000603400000, 0x0000000603400000| Untracked 
|  17|0x0000000603600000, 0x0000000603600000, 0x0000000603800000|  0%| F|  |TAMS 0x0000000603600000, 0x0000000603600000| Untracked 
|  18|0x0000000603800000, 0x0000000603800000, 0x0000000603a00000|  0%| F|  |TAMS 0x0000000603800000, 0x0000000603800000| Untracked 
|  19|0x0000000603a00000, 0x0000000603a00000, 0x0000000603c00000|  0%| F|  |TAMS 0x0000000603a00000, 0x0000000603a00000| Untracked 
|  20|0x0000000603c00000, 0x0000000603c00000, 0x0000000603e00000|  0%| F|  |TAMS 0x0000000603c00000, 0x0000000603c00000| Untracked 
|  21|0x0000000603e00000, 0x0000000603e00000, 0x0000000604000000|  0%| F|  |TAMS 0x0000000603e00000, 0x0000000603e00000| Untracked 
|  22|0x0000000604000000, 0x0000000604000000, 0x0000000604200000|  0%| F|  |TAMS 0x0000000604000000, 0x0000000604000000| Untracked 
|  23|0x0000000604200000, 0x0000000604200000, 0x0000000604400000|  0%| F|  |TAMS 0x0000000604200000, 0x0000000604200000| Untracked 
|  24|0x0000000604400000, 0x0000000604400000, 0x0000000604600000|  0%| F|  |TAMS 0x0000000604400000, 0x0000000604400000| Untracked 
|  25|0x0000000604600000, 0x0000000604600000, 0x0000000604800000|  0%| F|  |TAMS 0x0000000604600000, 0x0000000604600000| Untracked 
|  26|0x0000000604800000, 0x0000000604800000, 0x0000000604a00000|  0%| F|  |TAMS 0x0000000604800000, 0x0000000604800000| Untracked 
|  27|0x0000000604a00000, 0x0000000604a00000, 0x0000000604c00000|  0%| F|  |TAMS 0x0000000604a00000, 0x0000000604a00000| Untracked 
|  28|0x0000000604c00000, 0x0000000604c00000, 0x0000000604e00000|  0%| F|  |TAMS 0x0000000604c00000, 0x0000000604c00000| Untracked 
|  29|0x0000000604e00000, 0x0000000604e00000, 0x0000000605000000|  0%| F|  |TAMS 0x0000000604e00000, 0x0000000604e00000| Untracked 
|  30|0x0000000605000000, 0x0000000605000000, 0x0000000605200000|  0%| F|  |TAMS 0x0000000605000000, 0x0000000605000000| Untracked 
|  31|0x0000000605200000, 0x0000000605200000, 0x0000000605400000|  0%| F|  |TAMS 0x0000000605200000, 0x0000000605200000| Untracked 
|  32|0x0000000605400000, 0x0000000605400000, 0x0000000605600000|  0%| F|  |TAMS 0x0000000605400000, 0x0000000605400000| Untracked 
|  33|0x0000000605600000, 0x0000000605600000, 0x0000000605800000|  0%| F|  |TAMS 0x0000000605600000, 0x0000000605600000| Untracked 
|  34|0x0000000605800000, 0x0000000605800000, 0x0000000605a00000|  0%| F|  |TAMS 0x0000000605800000, 0x0000000605800000| Untracked 
|  35|0x0000000605a00000, 0x0000000605a00000, 0x0000000605c00000|  0%| F|  |TAMS 0x0000000605a00000, 0x0000000605a00000| Untracked 
|  36|0x0000000605c00000, 0x0000000605c00000, 0x0000000605e00000|  0%| F|  |TAMS 0x0000000605c00000, 0x0000000605c00000| Untracked 
|  37|0x0000000605e00000, 0x0000000605e00000, 0x0000000606000000|  0%| F|  |TAMS 0x0000000605e00000, 0x0000000605e00000| Untracked 
|  38|0x0000000606000000, 0x0000000606000000, 0x0000000606200000|  0%| F|  |TAMS 0x0000000606000000, 0x0000000606000000| Untracked 
|  39|0x0000000606200000, 0x0000000606200000, 0x0000000606400000|  0%| F|  |TAMS 0x0000000606200000, 0x0000000606200000| Untracked 
|  40|0x0000000606400000, 0x0000000606400000, 0x0000000606600000|  0%| F|  |TAMS 0x0000000606400000, 0x0000000606400000| Untracked 
|  41|0x0000000606600000, 0x0000000606600000, 0x0000000606800000|  0%| F|  |TAMS 0x0000000606600000, 0x0000000606600000| Untracked 
|  42|0x0000000606800000, 0x0000000606800000, 0x0000000606a00000|  0%| F|  |TAMS 0x0000000606800000, 0x0000000606800000| Untracked 
|  43|0x0000000606a00000, 0x0000000606a00000, 0x0000000606c00000|  0%| F|  |TAMS 0x0000000606a00000, 0x0000000606a00000| Untracked 
|  44|0x0000000606c00000, 0x0000000606c00000, 0x0000000606e00000|  0%| F|  |TAMS 0x0000000606c00000, 0x0000000606c00000| Untracked 
|  45|0x0000000606e00000, 0x0000000606e00000, 0x0000000607000000|  0%| F|  |TAMS 0x0000000606e00000, 0x0000000606e00000| Untracked 
|  46|0x0000000607000000, 0x0000000607000000, 0x0000000607200000|  0%| F|  |TAMS 0x0000000607000000, 0x0000000607000000| Untracked 
|  47|0x0000000607200000, 0x0000000607200000, 0x0000000607400000|  0%| F|  |TAMS 0x0000000607200000, 0x0000000607200000| Untracked 
|  48|0x0000000607400000, 0x0000000607400000, 0x0000000607600000|  0%| F|  |TAMS 0x0000000607400000, 0x0000000607400000| Untracked 
|  49|0x0000000607600000, 0x0000000607600000, 0x0000000607800000|  0%| F|  |TAMS 0x0000000607600000, 0x0000000607600000| Untracked 
|  50|0x0000000607800000, 0x0000000607800000, 0x0000000607a00000|  0%| F|  |TAMS 0x0000000607800000, 0x0000000607800000| Untracked 
|  51|0x0000000607a00000, 0x0000000607a00000, 0x0000000607c00000|  0%| F|  |TAMS 0x0000000607a00000, 0x0000000607a00000| Untracked 
|  52|0x0000000607c00000, 0x0000000607c00000, 0x0000000607e00000|  0%| F|  |TAMS 0x0000000607c00000, 0x0000000607c00000| Untracked 
|  53|0x0000000607e00000, 0x0000000607e00000, 0x0000000608000000|  0%| F|  |TAMS 0x0000000607e00000, 0x0000000607e00000| Untracked 
|  54|0x0000000608000000, 0x0000000608000000, 0x0000000608200000|  0%| F|  |TAMS 0x0000000608000000, 0x0000000608000000| Untracked 
|  55|0x0000000608200000, 0x0000000608200000, 0x0000000608400000|  0%| F|  |TAMS 0x0000000608200000, 0x0000000608200000| Untracked 
|  56|0x0000000608400000, 0x0000000608400000, 0x0000000608600000|  0%| F|  |TAMS 0x0000000608400000, 0x0000000608400000| Untracked 
|  57|0x0000000608600000, 0x0000000608600000, 0x0000000608800000|  0%| F|  |TAMS 0x0000000608600000, 0x0000000608600000| Untracked 
|  58|0x0000000608800000, 0x0000000608800000, 0x0000000608a00000|  0%| F|  |TAMS 0x0000000608800000, 0x0000000608800000| Untracked 
|  59|0x0000000608a00000, 0x0000000608a00000, 0x0000000608c00000|  0%| F|  |TAMS 0x0000000608a00000, 0x0000000608a00000| Untracked 
|  60|0x0000000608c00000, 0x0000000608c00000, 0x0000000608e00000|  0%| F|  |TAMS 0x0000000608c00000, 0x0000000608c00000| Untracked 
|  61|0x0000000608e00000, 0x0000000608e00000, 0x0000000609000000|  0%| F|  |TAMS 0x0000000608e00000, 0x0000000608e00000| Untracked 
|  62|0x0000000609000000, 0x0000000609000000, 0x0000000609200000|  0%| F|  |TAMS 0x0000000609000000, 0x0000000609000000| Untracked 
|  63|0x0000000609200000, 0x0000000609200000, 0x0000000609400000|  0%| F|  |TAMS 0x0000000609200000, 0x0000000609200000| Untracked 
|  64|0x0000000609400000, 0x0000000609400000, 0x0000000609600000|  0%| F|  |TAMS 0x0000000609400000, 0x0000000609400000| Untracked 
|  65|0x0000000609600000, 0x0000000609600000, 0x0000000609800000|  0%| F|  |TAMS 0x0000000609600000, 0x0000000609600000| Untracked 
|  66|0x0000000609800000, 0x0000000609800000, 0x0000000609a00000|  0%| F|  |TAMS 0x0000000609800000, 0x0000000609800000| Untracked 
|  67|0x0000000609a00000, 0x0000000609a00000, 0x0000000609c00000|  0%| F|  |TAMS 0x0000000609a00000, 0x0000000609a00000| Untracked 
|  68|0x0000000609c00000, 0x0000000609c00000, 0x0000000609e00000|  0%| F|  |TAMS 0x0000000609c00000, 0x0000000609c00000| Untracked 
|  69|0x0000000609e00000, 0x0000000609e00000, 0x000000060a000000|  0%| F|  |TAMS 0x0000000609e00000, 0x0000000609e00000| Untracked 
|  70|0x000000060a000000, 0x000000060a000000, 0x000000060a200000|  0%| F|  |TAMS 0x000000060a000000, 0x000000060a000000| Untracked 
|  71|0x000000060a200000, 0x000000060a200000, 0x000000060a400000|  0%| F|  |TAMS 0x000000060a200000, 0x000000060a200000| Untracked 
|  72|0x000000060a400000, 0x000000060a400000, 0x000000060a600000|  0%| F|  |TAMS 0x000000060a400000, 0x000000060a400000| Untracked 
|  73|0x000000060a600000, 0x000000060a600000, 0x000000060a800000|  0%| F|  |TAMS 0x000000060a600000, 0x000000060a600000| Untracked 
|  74|0x000000060a800000, 0x000000060a800000, 0x000000060aa00000|  0%| F|  |TAMS 0x000000060a800000, 0x000000060a800000| Untracked 
|  75|0x000000060aa00000, 0x000000060aa00000, 0x000000060ac00000|  0%| F|  |TAMS 0x000000060aa00000, 0x000000060aa00000| Untracked 
|  76|0x000000060ac00000, 0x000000060ac00000, 0x000000060ae00000|  0%| F|  |TAMS 0x000000060ac00000, 0x000000060ac00000| Untracked 
|  77|0x000000060ae00000, 0x000000060ae00000, 0x000000060b000000|  0%| F|  |TAMS 0x000000060ae00000, 0x000000060ae00000| Untracked 
|  78|0x000000060b000000, 0x000000060b000000, 0x000000060b200000|  0%| F|  |TAMS 0x000000060b000000, 0x000000060b000000| Untracked 
|  79|0x000000060b200000, 0x000000060b200000, 0x000000060b400000|  0%| F|  |TAMS 0x000000060b200000, 0x000000060b200000| Untracked 
|  80|0x000000060b400000, 0x000000060b400000, 0x000000060b600000|  0%| F|  |TAMS 0x000000060b400000, 0x000000060b400000| Untracked 
|  81|0x000000060b600000, 0x000000060b600000, 0x000000060b800000|  0%| F|  |TAMS 0x000000060b600000, 0x000000060b600000| Untracked 
|  82|0x000000060b800000, 0x000000060b800000, 0x000000060ba00000|  0%| F|  |TAMS 0x000000060b800000, 0x000000060b800000| Untracked 
|  83|0x000000060ba00000, 0x000000060ba00000, 0x000000060bc00000|  0%| F|  |TAMS 0x000000060ba00000, 0x000000060ba00000| Untracked 
|  84|0x000000060bc00000, 0x000000060bc00000, 0x000000060be00000|  0%| F|  |TAMS 0x000000060bc00000, 0x000000060bc00000| Untracked 
|  85|0x000000060be00000, 0x000000060be00000, 0x000000060c000000|  0%| F|  |TAMS 0x000000060be00000, 0x000000060be00000| Untracked 
|  86|0x000000060c000000, 0x000000060c000000, 0x000000060c200000|  0%| F|  |TAMS 0x000000060c000000, 0x000000060c000000| Untracked 
|  87|0x000000060c200000, 0x000000060c200000, 0x000000060c400000|  0%| F|  |TAMS 0x000000060c200000, 0x000000060c200000| Untracked 
|  88|0x000000060c400000, 0x000000060c400000, 0x000000060c600000|  0%| F|  |TAMS 0x000000060c400000, 0x000000060c400000| Untracked 
|  89|0x000000060c600000, 0x000000060c600000, 0x000000060c800000|  0%| F|  |TAMS 0x000000060c600000, 0x000000060c600000| Untracked 
|  90|0x000000060c800000, 0x000000060c800000, 0x000000060ca00000|  0%| F|  |TAMS 0x000000060c800000, 0x000000060c800000| Untracked 
|  91|0x000000060ca00000, 0x000000060ca00000, 0x000000060cc00000|  0%| F|  |TAMS 0x000000060ca00000, 0x000000060ca00000| Untracked 
|  92|0x000000060cc00000, 0x000000060cc00000, 0x000000060ce00000|  0%| F|  |TAMS 0x000000060cc00000, 0x000000060cc00000| Untracked 
|  93|0x000000060ce00000, 0x000000060ce00000, 0x000000060d000000|  0%| F|  |TAMS 0x000000060ce00000, 0x000000060ce00000| Untracked 
|  94|0x000000060d000000, 0x000000060d0f2418, 0x000000060d200000| 47%| S|CS|TAMS 0x000000060d000000, 0x000000060d000000| Complete 
|  95|0x000000060d200000, 0x000000060d400000, 0x000000060d400000|100%| S|CS|TAMS 0x000000060d200000, 0x000000060d200000| Complete 
|  96|0x000000060d400000, 0x000000060d400000, 0x000000060d600000|  0%| F|  |TAMS 0x000000060d400000, 0x000000060d400000| Untracked 
|  97|0x000000060d600000, 0x000000060d600000, 0x000000060d800000|  0%| F|  |TAMS 0x000000060d600000, 0x000000060d600000| Untracked 
|  98|0x000000060d800000, 0x000000060d800000, 0x000000060da00000|  0%| F|  |TAMS 0x000000060d800000, 0x000000060d800000| Untracked 
|  99|0x000000060da00000, 0x000000060da00000, 0x000000060dc00000|  0%| F|  |TAMS 0x000000060da00000, 0x000000060da00000| Untracked 
| 100|0x000000060dc00000, 0x000000060dc00000, 0x000000060de00000|  0%| F|  |TAMS 0x000000060dc00000, 0x000000060dc00000| Untracked 
| 101|0x000000060de00000, 0x000000060de00000, 0x000000060e000000|  0%| F|  |TAMS 0x000000060de00000, 0x000000060de00000| Untracked 
| 102|0x000000060e000000, 0x000000060e000000, 0x000000060e200000|  0%| F|  |TAMS 0x000000060e000000, 0x000000060e000000| Untracked 
| 103|0x000000060e200000, 0x000000060e400000, 0x000000060e400000|100%| S|CS|TAMS 0x000000060e200000, 0x000000060e200000| Complete 
| 104|0x000000060e400000, 0x000000060e600000, 0x000000060e600000|100%| S|CS|TAMS 0x000000060e400000, 0x000000060e400000| Complete 
| 105|0x000000060e600000, 0x000000060e800000, 0x000000060e800000|100%| S|CS|TAMS 0x000000060e600000, 0x000000060e600000| Complete 
| 106|0x000000060e800000, 0x000000060ea00000, 0x000000060ea00000|100%| S|CS|TAMS 0x000000060e800000, 0x000000060e800000| Complete 
| 107|0x000000060ea00000, 0x000000060ec00000, 0x000000060ec00000|100%| S|CS|TAMS 0x000000060ea00000, 0x000000060ea00000| Complete 
| 108|0x000000060ec00000, 0x000000060ee00000, 0x000000060ee00000|100%| S|CS|TAMS 0x000000060ec00000, 0x000000060ec00000| Complete 
| 109|0x000000060ee00000, 0x000000060f000000, 0x000000060f000000|100%| S|CS|TAMS 0x000000060ee00000, 0x000000060ee00000| Complete 
| 110|0x000000060f000000, 0x000000060f000000, 0x000000060f200000|  0%| F|  |TAMS 0x000000060f000000, 0x000000060f000000| Untracked 
| 111|0x000000060f200000, 0x000000060f200000, 0x000000060f400000|  0%| F|  |TAMS 0x000000060f200000, 0x000000060f200000| Untracked 
| 112|0x000000060f400000, 0x000000060f400000, 0x000000060f600000|  0%| F|  |TAMS 0x000000060f400000, 0x000000060f400000| Untracked 
| 113|0x000000060f600000, 0x000000060f600000, 0x000000060f800000|  0%| F|  |TAMS 0x000000060f600000, 0x000000060f600000| Untracked 
| 114|0x000000060f800000, 0x000000060f800000, 0x000000060fa00000|  0%| F|  |TAMS 0x000000060f800000, 0x000000060f800000| Untracked 
| 115|0x000000060fa00000, 0x000000060fa00000, 0x000000060fc00000|  0%| F|  |TAMS 0x000000060fa00000, 0x000000060fa00000| Untracked 
| 116|0x000000060fc00000, 0x000000060fc00000, 0x000000060fe00000|  0%| F|  |TAMS 0x000000060fc00000, 0x000000060fc00000| Untracked 
| 117|0x000000060fe00000, 0x000000060fe00000, 0x0000000610000000|  0%| F|  |TAMS 0x000000060fe00000, 0x000000060fe00000| Untracked 
| 118|0x0000000610000000, 0x0000000610000000, 0x0000000610200000|  0%| F|  |TAMS 0x0000000610000000, 0x0000000610000000| Untracked 
| 119|0x0000000610200000, 0x0000000610200000, 0x0000000610400000|  0%| F|  |TAMS 0x0000000610200000, 0x0000000610200000| Untracked 
| 120|0x0000000610400000, 0x0000000610400000, 0x0000000610600000|  0%| F|  |TAMS 0x0000000610400000, 0x0000000610400000| Untracked 
| 121|0x0000000610600000, 0x0000000610600000, 0x0000000610800000|  0%| F|  |TAMS 0x0000000610600000, 0x0000000610600000| Untracked 
| 122|0x0000000610800000, 0x0000000610800000, 0x0000000610a00000|  0%| F|  |TAMS 0x0000000610800000, 0x0000000610800000| Untracked 
| 123|0x0000000610a00000, 0x0000000610a00000, 0x0000000610c00000|  0%| F|  |TAMS 0x0000000610a00000, 0x0000000610a00000| Untracked 
| 124|0x0000000610c00000, 0x0000000610c00000, 0x0000000610e00000|  0%| F|  |TAMS 0x0000000610c00000, 0x0000000610c00000| Untracked 
| 125|0x0000000610e00000, 0x0000000610e00000, 0x0000000611000000|  0%| F|  |TAMS 0x0000000610e00000, 0x0000000610e00000| Untracked 
| 126|0x0000000611000000, 0x0000000611000000, 0x0000000611200000|  0%| F|  |TAMS 0x0000000611000000, 0x0000000611000000| Untracked 
| 127|0x0000000611200000, 0x0000000611200000, 0x0000000611400000|  0%| F|  |TAMS 0x0000000611200000, 0x0000000611200000| Untracked 
| 128|0x0000000611400000, 0x0000000611400000, 0x0000000611600000|  0%| F|  |TAMS 0x0000000611400000, 0x0000000611400000| Untracked 
| 129|0x0000000611600000, 0x0000000611600000, 0x0000000611800000|  0%| F|  |TAMS 0x0000000611600000, 0x0000000611600000| Untracked 
| 130|0x0000000611800000, 0x0000000611800000, 0x0000000611a00000|  0%| F|  |TAMS 0x0000000611800000, 0x0000000611800000| Untracked 
| 131|0x0000000611a00000, 0x0000000611a00000, 0x0000000611c00000|  0%| F|  |TAMS 0x0000000611a00000, 0x0000000611a00000| Untracked 
| 132|0x0000000611c00000, 0x0000000611c00000, 0x0000000611e00000|  0%| F|  |TAMS 0x0000000611c00000, 0x0000000611c00000| Untracked 
| 133|0x0000000611e00000, 0x0000000611e00000, 0x0000000612000000|  0%| F|  |TAMS 0x0000000611e00000, 0x0000000611e00000| Untracked 
| 134|0x0000000612000000, 0x0000000612000000, 0x0000000612200000|  0%| F|  |TAMS 0x0000000612000000, 0x0000000612000000| Untracked 
| 135|0x0000000612200000, 0x0000000612200000, 0x0000000612400000|  0%| F|  |TAMS 0x0000000612200000, 0x0000000612200000| Untracked 
| 136|0x0000000612400000, 0x0000000612400000, 0x0000000612600000|  0%| F|  |TAMS 0x0000000612400000, 0x0000000612400000| Untracked 
| 137|0x0000000612600000, 0x0000000612600000, 0x0000000612800000|  0%| F|  |TAMS 0x0000000612600000, 0x0000000612600000| Untracked 
| 138|0x0000000612800000, 0x0000000612800000, 0x0000000612a00000|  0%| F|  |TAMS 0x0000000612800000, 0x0000000612800000| Untracked 
| 139|0x0000000612a00000, 0x0000000612a00000, 0x0000000612c00000|  0%| F|  |TAMS 0x0000000612a00000, 0x0000000612a00000| Untracked 
| 140|0x0000000612c00000, 0x0000000612c00000, 0x0000000612e00000|  0%| F|  |TAMS 0x0000000612c00000, 0x0000000612c00000| Untracked 
| 141|0x0000000612e00000, 0x0000000612e00000, 0x0000000613000000|  0%| F|  |TAMS 0x0000000612e00000, 0x0000000612e00000| Untracked 
| 142|0x0000000613000000, 0x0000000613000000, 0x0000000613200000|  0%| F|  |TAMS 0x0000000613000000, 0x0000000613000000| Untracked 
| 143|0x0000000613200000, 0x0000000613200000, 0x0000000613400000|  0%| F|  |TAMS 0x0000000613200000, 0x0000000613200000| Untracked 
| 144|0x0000000613400000, 0x0000000613400000, 0x0000000613600000|  0%| F|  |TAMS 0x0000000613400000, 0x0000000613400000| Untracked 
| 145|0x0000000613600000, 0x0000000613600000, 0x0000000613800000|  0%| F|  |TAMS 0x0000000613600000, 0x0000000613600000| Untracked 
| 146|0x0000000613800000, 0x0000000613800000, 0x0000000613a00000|  0%| F|  |TAMS 0x0000000613800000, 0x0000000613800000| Untracked 
| 147|0x0000000613a00000, 0x0000000613a00000, 0x0000000613c00000|  0%| F|  |TAMS 0x0000000613a00000, 0x0000000613a00000| Untracked 
| 148|0x0000000613c00000, 0x0000000613c00000, 0x0000000613e00000|  0%| F|  |TAMS 0x0000000613c00000, 0x0000000613c00000| Untracked 
| 149|0x0000000613e00000, 0x0000000613e00000, 0x0000000614000000|  0%| F|  |TAMS 0x0000000613e00000, 0x0000000613e00000| Untracked 
| 150|0x0000000614000000, 0x0000000614000000, 0x0000000614200000|  0%| F|  |TAMS 0x0000000614000000, 0x0000000614000000| Untracked 
| 151|0x0000000614200000, 0x0000000614200000, 0x0000000614400000|  0%| F|  |TAMS 0x0000000614200000, 0x0000000614200000| Untracked 
| 152|0x0000000614400000, 0x0000000614400000, 0x0000000614600000|  0%| F|  |TAMS 0x0000000614400000, 0x0000000614400000| Untracked 
| 153|0x0000000614600000, 0x0000000614600000, 0x0000000614800000|  0%| F|  |TAMS 0x0000000614600000, 0x0000000614600000| Untracked 
| 154|0x0000000614800000, 0x0000000614800000, 0x0000000614a00000|  0%| F|  |TAMS 0x0000000614800000, 0x0000000614800000| Untracked 
| 155|0x0000000614a00000, 0x0000000614a00000, 0x0000000614c00000|  0%| F|  |TAMS 0x0000000614a00000, 0x0000000614a00000| Untracked 
| 156|0x0000000614c00000, 0x0000000614c00000, 0x0000000614e00000|  0%| F|  |TAMS 0x0000000614c00000, 0x0000000614c00000| Untracked 
| 157|0x0000000614e00000, 0x0000000614e00000, 0x0000000615000000|  0%| F|  |TAMS 0x0000000614e00000, 0x0000000614e00000| Untracked 
| 158|0x0000000615000000, 0x0000000615000000, 0x0000000615200000|  0%| F|  |TAMS 0x0000000615000000, 0x0000000615000000| Untracked 
| 159|0x0000000615200000, 0x0000000615200000, 0x0000000615400000|  0%| F|  |TAMS 0x0000000615200000, 0x0000000615200000| Untracked 
| 160|0x0000000615400000, 0x0000000615400000, 0x0000000615600000|  0%| F|  |TAMS 0x0000000615400000, 0x0000000615400000| Untracked 
| 161|0x0000000615600000, 0x0000000615600000, 0x0000000615800000|  0%| F|  |TAMS 0x0000000615600000, 0x0000000615600000| Untracked 
| 162|0x0000000615800000, 0x0000000615800000, 0x0000000615a00000|  0%| F|  |TAMS 0x0000000615800000, 0x0000000615800000| Untracked 
| 163|0x0000000615a00000, 0x0000000615a00000, 0x0000000615c00000|  0%| F|  |TAMS 0x0000000615a00000, 0x0000000615a00000| Untracked 
| 164|0x0000000615c00000, 0x0000000615c00000, 0x0000000615e00000|  0%| F|  |TAMS 0x0000000615c00000, 0x0000000615c00000| Untracked 
| 165|0x0000000615e00000, 0x0000000615e00000, 0x0000000616000000|  0%| F|  |TAMS 0x0000000615e00000, 0x0000000615e00000| Untracked 
| 166|0x0000000616000000, 0x0000000616000000, 0x0000000616200000|  0%| F|  |TAMS 0x0000000616000000, 0x0000000616000000| Untracked 
| 167|0x0000000616200000, 0x0000000616200000, 0x0000000616400000|  0%| F|  |TAMS 0x0000000616200000, 0x0000000616200000| Untracked 
| 168|0x0000000616400000, 0x0000000616400000, 0x0000000616600000|  0%| F|  |TAMS 0x0000000616400000, 0x0000000616400000| Untracked 
| 169|0x0000000616600000, 0x0000000616600000, 0x0000000616800000|  0%| F|  |TAMS 0x0000000616600000, 0x0000000616600000| Untracked 
| 170|0x0000000616800000, 0x0000000616800000, 0x0000000616a00000|  0%| F|  |TAMS 0x0000000616800000, 0x0000000616800000| Untracked 
| 171|0x0000000616a00000, 0x0000000616a00000, 0x0000000616c00000|  0%| F|  |TAMS 0x0000000616a00000, 0x0000000616a00000| Untracked 
| 172|0x0000000616c00000, 0x0000000616c00000, 0x0000000616e00000|  0%| F|  |TAMS 0x0000000616c00000, 0x0000000616c00000| Untracked 
| 173|0x0000000616e00000, 0x0000000616e00000, 0x0000000617000000|  0%| F|  |TAMS 0x0000000616e00000, 0x0000000616e00000| Untracked 
| 174|0x0000000617000000, 0x0000000617000000, 0x0000000617200000|  0%| F|  |TAMS 0x0000000617000000, 0x0000000617000000| Untracked 
| 175|0x0000000617200000, 0x0000000617200000, 0x0000000617400000|  0%| F|  |TAMS 0x0000000617200000, 0x0000000617200000| Untracked 
| 176|0x0000000617400000, 0x0000000617400000, 0x0000000617600000|  0%| F|  |TAMS 0x0000000617400000, 0x0000000617400000| Untracked 
| 177|0x0000000617600000, 0x0000000617600000, 0x0000000617800000|  0%| F|  |TAMS 0x0000000617600000, 0x0000000617600000| Untracked 
| 178|0x0000000617800000, 0x0000000617800000, 0x0000000617a00000|  0%| F|  |TAMS 0x0000000617800000, 0x0000000617800000| Untracked 
| 179|0x0000000617a00000, 0x0000000617a00000, 0x0000000617c00000|  0%| F|  |TAMS 0x0000000617a00000, 0x0000000617a00000| Untracked 
| 180|0x0000000617c00000, 0x0000000617c00000, 0x0000000617e00000|  0%| F|  |TAMS 0x0000000617c00000, 0x0000000617c00000| Untracked 
| 181|0x0000000617e00000, 0x0000000617e00000, 0x0000000618000000|  0%| F|  |TAMS 0x0000000617e00000, 0x0000000617e00000| Untracked 
| 182|0x0000000618000000, 0x0000000618000000, 0x0000000618200000|  0%| F|  |TAMS 0x0000000618000000, 0x0000000618000000| Untracked 
| 183|0x0000000618200000, 0x0000000618200000, 0x0000000618400000|  0%| F|  |TAMS 0x0000000618200000, 0x0000000618200000| Untracked 
| 184|0x0000000618400000, 0x0000000618400000, 0x0000000618600000|  0%| F|  |TAMS 0x0000000618400000, 0x0000000618400000| Untracked 
| 185|0x0000000618600000, 0x0000000618600000, 0x0000000618800000|  0%| F|  |TAMS 0x0000000618600000, 0x0000000618600000| Untracked 
| 186|0x0000000618800000, 0x0000000618800000, 0x0000000618a00000|  0%| F|  |TAMS 0x0000000618800000, 0x0000000618800000| Untracked 
| 187|0x0000000618a00000, 0x0000000618a00000, 0x0000000618c00000|  0%| F|  |TAMS 0x0000000618a00000, 0x0000000618a00000| Untracked 
| 188|0x0000000618c00000, 0x0000000618c00000, 0x0000000618e00000|  0%| F|  |TAMS 0x0000000618c00000, 0x0000000618c00000| Untracked 
| 189|0x0000000618e00000, 0x0000000618e00000, 0x0000000619000000|  0%| F|  |TAMS 0x0000000618e00000, 0x0000000618e00000| Untracked 
| 190|0x0000000619000000, 0x0000000619000000, 0x0000000619200000|  0%| F|  |TAMS 0x0000000619000000, 0x0000000619000000| Untracked 
| 191|0x0000000619200000, 0x0000000619200000, 0x0000000619400000|  0%| F|  |TAMS 0x0000000619200000, 0x0000000619200000| Untracked 
| 192|0x0000000619400000, 0x0000000619400000, 0x0000000619600000|  0%| F|  |TAMS 0x0000000619400000, 0x0000000619400000| Untracked 
| 193|0x0000000619600000, 0x0000000619600000, 0x0000000619800000|  0%| F|  |TAMS 0x0000000619600000, 0x0000000619600000| Untracked 
| 194|0x0000000619800000, 0x0000000619800000, 0x0000000619a00000|  0%| F|  |TAMS 0x0000000619800000, 0x0000000619800000| Untracked 
| 195|0x0000000619a00000, 0x0000000619a00000, 0x0000000619c00000|  0%| F|  |TAMS 0x0000000619a00000, 0x0000000619a00000| Untracked 
| 196|0x0000000619c00000, 0x0000000619c00000, 0x0000000619e00000|  0%| F|  |TAMS 0x0000000619c00000, 0x0000000619c00000| Untracked 
| 197|0x0000000619e00000, 0x0000000619e00000, 0x000000061a000000|  0%| F|  |TAMS 0x0000000619e00000, 0x0000000619e00000| Untracked 
| 198|0x000000061a000000, 0x000000061a000000, 0x000000061a200000|  0%| F|  |TAMS 0x000000061a000000, 0x000000061a000000| Untracked 
| 199|0x000000061a200000, 0x000000061a200000, 0x000000061a400000|  0%| F|  |TAMS 0x000000061a200000, 0x000000061a200000| Untracked 
| 200|0x000000061a400000, 0x000000061a400000, 0x000000061a600000|  0%| F|  |TAMS 0x000000061a400000, 0x000000061a400000| Untracked 
| 201|0x000000061a600000, 0x000000061a600000, 0x000000061a800000|  0%| F|  |TAMS 0x000000061a600000, 0x000000061a600000| Untracked 
| 202|0x000000061a800000, 0x000000061a800000, 0x000000061aa00000|  0%| F|  |TAMS 0x000000061a800000, 0x000000061a800000| Untracked 
| 203|0x000000061aa00000, 0x000000061aa00000, 0x000000061ac00000|  0%| F|  |TAMS 0x000000061aa00000, 0x000000061aa00000| Untracked 
| 204|0x000000061ac00000, 0x000000061ac00000, 0x000000061ae00000|  0%| F|  |TAMS 0x000000061ac00000, 0x000000061ac00000| Untracked 
| 205|0x000000061ae00000, 0x000000061ae00000, 0x000000061b000000|  0%| F|  |TAMS 0x000000061ae00000, 0x000000061ae00000| Untracked 
| 206|0x000000061b000000, 0x000000061b000000, 0x000000061b200000|  0%| F|  |TAMS 0x000000061b000000, 0x000000061b000000| Untracked 
| 207|0x000000061b200000, 0x000000061b200000, 0x000000061b400000|  0%| F|  |TAMS 0x000000061b200000, 0x000000061b200000| Untracked 
| 208|0x000000061b400000, 0x000000061b400000, 0x000000061b600000|  0%| F|  |TAMS 0x000000061b400000, 0x000000061b400000| Untracked 
| 209|0x000000061b600000, 0x000000061b600000, 0x000000061b800000|  0%| F|  |TAMS 0x000000061b600000, 0x000000061b600000| Untracked 
| 210|0x000000061b800000, 0x000000061b800000, 0x000000061ba00000|  0%| F|  |TAMS 0x000000061b800000, 0x000000061b800000| Untracked 
| 211|0x000000061ba00000, 0x000000061ba00000, 0x000000061bc00000|  0%| F|  |TAMS 0x000000061ba00000, 0x000000061ba00000| Untracked 
| 212|0x000000061bc00000, 0x000000061bc00000, 0x000000061be00000|  0%| F|  |TAMS 0x000000061bc00000, 0x000000061bc00000| Untracked 
| 213|0x000000061be00000, 0x000000061be00000, 0x000000061c000000|  0%| F|  |TAMS 0x000000061be00000, 0x000000061be00000| Untracked 
| 214|0x000000061c000000, 0x000000061c000000, 0x000000061c200000|  0%| F|  |TAMS 0x000000061c000000, 0x000000061c000000| Untracked 
| 215|0x000000061c200000, 0x000000061c200000, 0x000000061c400000|  0%| F|  |TAMS 0x000000061c200000, 0x000000061c200000| Untracked 
| 216|0x000000061c400000, 0x000000061c400000, 0x000000061c600000|  0%| F|  |TAMS 0x000000061c400000, 0x000000061c400000| Untracked 
| 217|0x000000061c600000, 0x000000061c600000, 0x000000061c800000|  0%| F|  |TAMS 0x000000061c600000, 0x000000061c600000| Untracked 
| 218|0x000000061c800000, 0x000000061c800000, 0x000000061ca00000|  0%| F|  |TAMS 0x000000061c800000, 0x000000061c800000| Untracked 
| 219|0x000000061ca00000, 0x000000061ca00000, 0x000000061cc00000|  0%| F|  |TAMS 0x000000061ca00000, 0x000000061ca00000| Untracked 
| 220|0x000000061cc00000, 0x000000061cc00000, 0x000000061ce00000|  0%| F|  |TAMS 0x000000061cc00000, 0x000000061cc00000| Untracked 
| 221|0x000000061ce00000, 0x000000061ce00000, 0x000000061d000000|  0%| F|  |TAMS 0x000000061ce00000, 0x000000061ce00000| Untracked 
| 222|0x000000061d000000, 0x000000061d000000, 0x000000061d200000|  0%| F|  |TAMS 0x000000061d000000, 0x000000061d000000| Untracked 
| 223|0x000000061d200000, 0x000000061d200000, 0x000000061d400000|  0%| F|  |TAMS 0x000000061d200000, 0x000000061d200000| Untracked 
| 224|0x000000061d400000, 0x000000061d400000, 0x000000061d600000|  0%| F|  |TAMS 0x000000061d400000, 0x000000061d400000| Untracked 
| 225|0x000000061d600000, 0x000000061d600000, 0x000000061d800000|  0%| F|  |TAMS 0x000000061d600000, 0x000000061d600000| Untracked 
| 226|0x000000061d800000, 0x000000061d800000, 0x000000061da00000|  0%| F|  |TAMS 0x000000061d800000, 0x000000061d800000| Untracked 
| 227|0x000000061da00000, 0x000000061da00000, 0x000000061dc00000|  0%| F|  |TAMS 0x000000061da00000, 0x000000061da00000| Untracked 
| 228|0x000000061dc00000, 0x000000061dc00000, 0x000000061de00000|  0%| F|  |TAMS 0x000000061dc00000, 0x000000061dc00000| Untracked 
| 229|0x000000061de00000, 0x000000061de00000, 0x000000061e000000|  0%| F|  |TAMS 0x000000061de00000, 0x000000061de00000| Untracked 
| 230|0x000000061e000000, 0x000000061e000000, 0x000000061e200000|  0%| F|  |TAMS 0x000000061e000000, 0x000000061e000000| Untracked 
| 231|0x000000061e200000, 0x000000061e200000, 0x000000061e400000|  0%| F|  |TAMS 0x000000061e200000, 0x000000061e200000| Untracked 
| 232|0x000000061e400000, 0x000000061e400000, 0x000000061e600000|  0%| F|  |TAMS 0x000000061e400000, 0x000000061e400000| Untracked 
| 233|0x000000061e600000, 0x000000061e600000, 0x000000061e800000|  0%| F|  |TAMS 0x000000061e600000, 0x000000061e600000| Untracked 
| 234|0x000000061e800000, 0x000000061e800000, 0x000000061ea00000|  0%| F|  |TAMS 0x000000061e800000, 0x000000061e800000| Untracked 
| 235|0x000000061ea00000, 0x000000061ea00000, 0x000000061ec00000|  0%| F|  |TAMS 0x000000061ea00000, 0x000000061ea00000| Untracked 
| 236|0x000000061ec00000, 0x000000061ec00000, 0x000000061ee00000|  0%| F|  |TAMS 0x000000061ec00000, 0x000000061ec00000| Untracked 
| 237|0x000000061ee00000, 0x000000061ee00000, 0x000000061f000000|  0%| F|  |TAMS 0x000000061ee00000, 0x000000061ee00000| Untracked 
| 238|0x000000061f000000, 0x000000061f000000, 0x000000061f200000|  0%| F|  |TAMS 0x000000061f000000, 0x000000061f000000| Untracked 
| 239|0x000000061f200000, 0x000000061f200000, 0x000000061f400000|  0%| F|  |TAMS 0x000000061f200000, 0x000000061f200000| Untracked 
| 240|0x000000061f400000, 0x000000061f400000, 0x000000061f600000|  0%| F|  |TAMS 0x000000061f400000, 0x000000061f400000| Untracked 
| 241|0x000000061f600000, 0x000000061f600000, 0x000000061f800000|  0%| F|  |TAMS 0x000000061f600000, 0x000000061f600000| Untracked 
| 242|0x000000061f800000, 0x000000061f800000, 0x000000061fa00000|  0%| F|  |TAMS 0x000000061f800000, 0x000000061f800000| Untracked 
| 243|0x000000061fa00000, 0x000000061fa00000, 0x000000061fc00000|  0%| F|  |TAMS 0x000000061fa00000, 0x000000061fa00000| Untracked 
| 244|0x000000061fc00000, 0x000000061fc00000, 0x000000061fe00000|  0%| F|  |TAMS 0x000000061fc00000, 0x000000061fc00000| Untracked 
| 245|0x000000061fe00000, 0x000000061fe00000, 0x0000000620000000|  0%| F|  |TAMS 0x000000061fe00000, 0x000000061fe00000| Untracked 
| 246|0x0000000620000000, 0x0000000620000000, 0x0000000620200000|  0%| F|  |TAMS 0x0000000620000000, 0x0000000620000000| Untracked 
| 247|0x0000000620200000, 0x0000000620200000, 0x0000000620400000|  0%| F|  |TAMS 0x0000000620200000, 0x0000000620200000| Untracked 
| 248|0x0000000620400000, 0x0000000620400000, 0x0000000620600000|  0%| F|  |TAMS 0x0000000620400000, 0x0000000620400000| Untracked 
| 249|0x0000000620600000, 0x0000000620600000, 0x0000000620800000|  0%| F|  |TAMS 0x0000000620600000, 0x0000000620600000| Untracked 
| 250|0x0000000620800000, 0x0000000620800000, 0x0000000620a00000|  0%| F|  |TAMS 0x0000000620800000, 0x0000000620800000| Untracked 
| 251|0x0000000620a00000, 0x0000000620a00000, 0x0000000620c00000|  0%| F|  |TAMS 0x0000000620a00000, 0x0000000620a00000| Untracked 
| 252|0x0000000620c00000, 0x0000000620c00000, 0x0000000620e00000|  0%| F|  |TAMS 0x0000000620c00000, 0x0000000620c00000| Untracked 
| 253|0x0000000620e00000, 0x0000000620e00000, 0x0000000621000000|  0%| F|  |TAMS 0x0000000620e00000, 0x0000000620e00000| Untracked 
| 254|0x0000000621000000, 0x0000000621000000, 0x0000000621200000|  0%| F|  |TAMS 0x0000000621000000, 0x0000000621000000| Untracked 
| 255|0x0000000621200000, 0x0000000621200000, 0x0000000621400000|  0%| F|  |TAMS 0x0000000621200000, 0x0000000621200000| Untracked 

Card table byte_map: [0x00000145acda0000,0x00000145adda0000] _byte_map_base: 0x00000145a9d96000

Marking Bits (Prev, Next): (CMBitMap*) 0x0000014593ae3d50, (CMBitMap*) 0x0000014593ae3d18
 Prev Bits: [0x00000145b6d50000, 0x00000145bed00000)
 Next Bits: [0x00000145aeda0000, 0x00000145b6d50000)

Polling page: 0x0000014591e30000

Metaspace:

Usage:
  Non-class:     25.08 MB capacity,    24.70 MB ( 98%) used,   325.60 KB (  1%) free+waste,    66.75 KB ( <1%) overhead. 
      Class:      2.93 MB capacity,     2.72 MB ( 93%) used,   190.83 KB (  6%) free+waste,    29.44 KB ( <1%) overhead. 
       Both:     28.02 MB capacity,    27.42 MB ( 98%) used,   516.43 KB (  2%) free+waste,    96.19 KB ( <1%) overhead. 

Virtual space:
  Non-class space:       26.00 MB reserved,      25.25 MB ( 97%) committed 
      Class space:        1.00 GB reserved,       3.00 MB ( <1%) committed 
             Both:        1.03 GB reserved,      28.25 MB (  3%) committed 

Chunk freelists:
   Non-Class:  5.63 KB
       Class:  384 bytes
        Both:  6.00 KB

CodeHeap 'non-profiled nmethods': size=119168Kb used=3542Kb max_used=3542Kb free=115625Kb
 bounds [0x00000145a3970000, 0x00000145a3cf0000, 0x00000145aadd0000]
CodeHeap 'profiled nmethods': size=119168Kb used=8797Kb max_used=8797Kb free=110370Kb
 bounds [0x000001459c510000, 0x000001459cdb0000, 0x00000145a3970000]
CodeHeap 'non-nmethods': size=7424Kb used=2933Kb max_used=2973Kb free=4490Kb
 bounds [0x000001459bdd0000, 0x000001459c0d0000, 0x000001459c510000]
 total_blobs=6044 nmethods=4100 adapters=523
 compilation: enabled
              stopped_count=0, restarted_count=0
 full_count=0

Compilation events (10 events):
Event: 4.918 Thread 0x00000145c299f800 nmethod 4106 0x000001459cda3490 code [0x000001459cda3640, 0x000001459cda3818]
Event: 4.919 Thread 0x00000145c307c000 4107       3       java.awt.image.ComponentColorModel::<init> (137 bytes)
Event: 4.919 Thread 0x00000145c2807000 4108       3       java.awt.image.Raster::createInterleavedRaster (97 bytes)
Event: 4.919 Thread 0x00000145c307d000 nmethod 4105 0x000001459cda3910 code [0x000001459cda3c00, 0x000001459cda4bb0]
Event: 4.919 Thread 0x00000145c307c000 nmethod 4107 0x000001459cda5310 code [0x000001459cda5560, 0x000001459cda5e10]
Event: 4.919 Thread 0x00000145c2807000 nmethod 4108 0x000001459cda6190 code [0x000001459cda63c0, 0x000001459cda6cd0]
Event: 4.920 Thread 0x00000145c2804000 4109       4       java.lang.ref.Reference::<init> (25 bytes)
Event: 4.920 Thread 0x00000145c299f800 4110       3       java.nio.ByteBuffer::get (9 bytes)
Event: 4.920 Thread 0x00000145c299f800 nmethod 4110 0x000001459cda6f90 code [0x000001459cda7160, 0x000001459cda7390]
Event: 4.921 Thread 0x00000145c2804000 nmethod 4109 0x00000145a3ce5410 code [0x00000145a3ce55a0, 0x00000145a3ce57f8]

GC Heap History (9 events):
Event: 0.518 GC heap before
{Heap before GC invocations=0 (full 0):
 garbage-first heap   total 524288K, used 22528K [0x0000000601400000, 0x0000000800000000)
  region size 2048K, 12 young (24576K), 0 survivors (0K)
 Metaspace       used 14022K, capacity 14213K, committed 14336K, reserved 1062912K
  class space    used 1372K, capacity 1446K, committed 1536K, reserved 1048576K
}
Event: 0.522 GC heap after
{Heap after GC invocations=1 (full 0):
 garbage-first heap   total 524288K, used 3934K [0x0000000601400000, 0x0000000800000000)
  region size 2048K, 2 young (4096K), 2 survivors (4096K)
 Metaspace       used 14022K, capacity 14213K, committed 14336K, reserved 1062912K
  class space    used 1372K, capacity 1446K, committed 1536K, reserved 1048576K
}
Event: 1.098 GC heap before
{Heap before GC invocations=1 (full 0):
 garbage-first heap   total 524288K, used 22366K [0x0000000601400000, 0x0000000800000000)
  region size 2048K, 12 young (24576K), 2 survivors (4096K)
 Metaspace       used 20921K, capacity 21237K, committed 21248K, reserved 1069056K
  class space    used 2154K, capacity 2294K, committed 2304K, reserved 1048576K
}
Event: 1.103 GC heap after
{Heap after GC invocations=2 (full 0):
 garbage-first heap   total 524288K, used 6363K [0x0000000601400000, 0x0000000800000000)
  region size 2048K, 4 young (8192K), 4 survivors (8192K)
 Metaspace       used 20921K, capacity 21237K, committed 21248K, reserved 1069056K
  class space    used 2154K, capacity 2294K, committed 2304K, reserved 1048576K
}
Event: 2.558 GC heap before
{Heap before GC invocations=3 (full 0):
 garbage-first heap   total 524288K, used 67803K [0x0000000601400000, 0x0000000800000000)
  region size 2048K, 34 young (69632K), 4 survivors (8192K)
 Metaspace       used 24203K, capacity 24628K, committed 24960K, reserved 1071104K
  class space    used 2448K, capacity 2604K, committed 2688K, reserved 1048576K
}
Event: 2.567 GC heap after
{Heap after GC invocations=4 (full 0):
 garbage-first heap   total 524288K, used 8829K [0x0000000601400000, 0x0000000800000000)
  region size 2048K, 3 young (6144K), 3 survivors (6144K)
 Metaspace       used 24203K, capacity 24628K, committed 24960K, reserved 1071104K
  class space    used 2448K, capacity 2604K, committed 2688K, reserved 1048576K
}
Event: 3.788 GC heap before
{Heap before GC invocations=4 (full 0):
 garbage-first heap   total 524288K, used 316029K [0x0000000601400000, 0x0000000800000000)
  region size 2048K, 153 young (313344K), 3 survivors (6144K)
 Metaspace       used 24589K, capacity 25106K, committed 25216K, reserved 1071104K
  class space    used 2469K, capacity 2641K, committed 2688K, reserved 1048576K
}
Event: 3.797 GC heap after
{Heap after GC invocations=5 (full 0):
 garbage-first heap   total 524288K, used 17133K [0x0000000601400000, 0x0000000800000000)
  region size 2048K, 7 young (14336K), 7 survivors (14336K)
 Metaspace       used 24589K, capacity 25106K, committed 25216K, reserved 1071104K
  class space    used 2469K, capacity 2641K, committed 2688K, reserved 1048576K
}
Event: 4.930 GC heap before
{Heap before GC invocations=5 (full 0):
 garbage-first heap   total 524288K, used 336621K [0x0000000601400000, 0x0000000800000000)
  region size 2048K, 153 young (313344K), 7 survivors (14336K)
 Metaspace       used 28075K, capacity 28688K, committed 28928K, reserved 1075200K
  class space    used 2784K, capacity 3005K, committed 3072K, reserved 1048576K
}

Deoptimization events (10 events):
Event: 4.481 Thread 0x0000014593a59800 Uncommon trap: reason=unstable_fused_if action=reinterpret pc=0x00000145a3b13758 method=java.lang.StrictMath.floorOrCeil(DDDD)D @ 8 c2
Event: 4.523 Thread 0x0000014593a59800 Uncommon trap: reason=unstable_if action=reinterpret pc=0x00000145a399c35c method=java.lang.String.isLatin1()Z @ 10 c2
Event: 4.587 Thread 0x0000014593a59800 Uncommon trap: reason=unstable_fused_if action=reinterpret pc=0x00000145a3c89494 method=java.io.WinNTFileSystem.isLetter(C)Z @ 15 c2
Event: 4.620 Thread 0x0000014593a59800 Uncommon trap: reason=unstable_if action=reinterpret pc=0x00000145a3c98bb8 method=sun.awt.geom.Curve.pointCrossingsForQuad(DDDDDDDDI)I @ 101 c2
Event: 4.651 Thread 0x0000014593a59800 Uncommon trap: reason=unstable_if action=reinterpret pc=0x00000145a3ca663c method=sun.awt.geom.Curve.pointCrossingsForLine(DDDDDD)I @ 43 c2
Event: 4.756 Thread 0x0000014593a59800 Uncommon trap: reason=unstable_if action=reinterpret pc=0x00000145a3ca93d4 method=sun.awt.geom.Curve.pointCrossingsForQuad(DDDDDDDDI)I @ 110 c2
Event: 4.801 Thread 0x0000014593a59800 Uncommon trap: reason=unstable_if action=reinterpret pc=0x00000145a3a013b4 method=java.util.HashMap$HashIterator.<init>(Ljava/util/HashMap;)V @ 45 c2
Event: 4.802 Thread 0x0000014593a59800 Uncommon trap: reason=class_check action=maybe_recompile pc=0x00000145a3b6c42c method=java.lang.StringCoding$StringDecoder.charsetName()Ljava/lang/String; @ 4 c2
Event: 4.802 Thread 0x0000014593a59800 Uncommon trap: reason=class_check action=maybe_recompile pc=0x00000145a3b6c42c method=java.lang.StringCoding$StringDecoder.charsetName()Ljava/lang/String; @ 4 c2
Event: 4.802 Thread 0x0000014593a59800 Uncommon trap: reason=class_check action=maybe_recompile pc=0x00000145a3b6c42c method=java.lang.StringCoding$StringDecoder.charsetName()Ljava/lang/String; @ 4 c2

Classes redefined (0 events):
No events

Internal exceptions (10 events):
Event: 0.668 Thread 0x0000014593a59800 Exception <a 'java/lang/NoSuchMethodError'{0x0000000620ad8b80}: java.lang.invoke.DirectMethodHandle$Holder.invokeStaticInit(Ljava/lang/Object;Ljava/lang/Object;Ljava/lang/Object;Ljava/lang/Object;)I> (0x0000000620ad8b80) thrown at [t:/workspace/open/src/h
Event: 0.669 Thread 0x0000014593a59800 Exception <a 'java/lang/IncompatibleClassChangeError'{0x0000000620ae2440}: Found class java.lang.Object, but interface was expected> (0x0000000620ae2440) thrown at [t:/workspace/open/src/hotspot/share/interpreter/linkResolver.cpp, line 838]
Event: 0.670 Thread 0x0000014593a59800 Exception <a 'java/lang/NoSuchMethodError'{0x0000000620ae56f0}: java.lang.invoke.DirectMethodHandle$Holder.invokeStaticInit(Ljava/lang/Object;Ljava/lang/Object;)V> (0x0000000620ae56f0) thrown at [t:/workspace/open/src/hotspot/share/interpreter/linkResolve
Event: 0.671 Thread 0x0000014593a59800 Exception <a 'java/lang/NoSuchMethodError'{0x0000000620aeb328}: java.lang.invoke.DirectMethodHandle$Holder.invokeStaticInit(Ljava/lang/Object;Ljava/lang/Object;)I> (0x0000000620aeb328) thrown at [t:/workspace/open/src/hotspot/share/interpreter/linkResolve
Event: 0.678 Thread 0x0000014593a59800 Exception <a 'java/lang/NoSuchMethodError'{0x000000062081a8d0}: java.lang.invoke.DirectMethodHandle$Holder.invokeStaticInit(Ljava/lang/Object;IIII)Ljava/lang/Object;> (0x000000062081a8d0) thrown at [t:/workspace/open/src/hotspot/share/interpreter/linkReso
Event: 0.679 Thread 0x0000014593a59800 Exception <a 'sun/nio/fs/WindowsException'{0x0000000620820830}> (0x0000000620820830) thrown at [t:/workspace/open/src/hotspot/share/prims/jni.cpp, line 615]
Event: 0.934 Thread 0x0000014593a59800 Exception <a 'java/lang/NoSuchMethodError'{0x0000000620261b30}: java.lang.invoke.DirectMethodHandle$Holder.invokeStaticInit(Ljava/lang/Object;Ljava/lang/Object;IIII)Ljava/lang/Object;> (0x0000000620261b30) thrown at [t:/workspace/open/src/hotspot/share/in
Event: 4.539 Thread 0x0000014593a59800 Exception <a 'java/lang/NoSuchMethodError'{0x0000000618155c88}: java.lang.invoke.DirectMethodHandle$Holder.invokeSpecial(Ljava/lang/Object;Ljava/lang/Object;IILjava/lang/Object;Ljava/lang/Object;Ljava/lang/Object;Ljava/lang/Object;)Ljava/lang/Object;> (0x
Event: 4.539 Thread 0x0000014593a59800 Exception <a 'java/lang/NoSuchMethodError'{0x00000006181593c0}: java.lang.invoke.DelegatingMethodHandle$Holder.reinvoke_L(Ljava/lang/Object;IILjava/lang/Object;Ljava/lang/Object;Ljava/lang/Object;Ljava/lang/Object;)Ljava/lang/Object;> (0x00000006181593c0)
Event: 4.539 Thread 0x0000014593a59800 Exception <a 'java/lang/NoSuchMethodError'{0x0000000618167d70}: java.lang.invoke.DirectMethodHandle$Holder.invokeStatic(Ljava/lang/Object;Ljava/lang/Object;Ljava/lang/Object;Ljava/lang/Object;Ljava/lang/Object;Ljava/lang/Object;I)Ljava/lang/Object;> (0x00

Events (10 events):
Event: 4.802 Thread 0x0000014593a59800 Uncommon trap: trap_request=0xffffffde fr.pc=0x00000145a3b6c42c relative=0x0000000000004aec
Event: 4.802 Thread 0x0000014593a59800 DEOPT PACKING pc=0x00000145a3b6c42c sp=0x0000004362afe9b0
Event: 4.802 Thread 0x0000014593a59800 DEOPT UNPACKING pc=0x000001459bdf91af sp=0x0000004362afe6e0 mode 2
Event: 4.802 Thread 0x0000014593a59800 Uncommon trap: trap_request=0xffffffde fr.pc=0x00000145a3b6c42c relative=0x0000000000004aec
Event: 4.802 Thread 0x0000014593a59800 DEOPT PACKING pc=0x00000145a3b6c42c sp=0x0000004362afe9b0
Event: 4.802 Thread 0x0000014593a59800 DEOPT UNPACKING pc=0x000001459bdf91af sp=0x0000004362afe6e0 mode 2
Event: 4.883 Thread 0x0000014593a59800 DEOPT PACKING pc=0x000001459cd42640 sp=0x0000004362afe820
Event: 4.884 Thread 0x0000014593a59800 DEOPT UNPACKING pc=0x000001459bdf8fce sp=0x0000004362afde70 mode 0
Event: 4.912 Thread 0x00000145cb90a800 Thread exited: 0x00000145cb90a800
Event: 4.929 Executing VM operation: G1CollectForAllocation


Dynamic libraries:
0x00007ff6ed870000 - 0x00007ff6ed8b5000 	C:\Program Files\Java\jdk-11.0.2\bin\java.exe
0x00007ffe85c90000 - 0x00007ffe85e86000 	C:\windows\SYSTEM32\ntdll.dll
0x00007ffe852c0000 - 0x00007ffe8537d000 	C:\windows\System32\KERNEL32.DLL
0x00007ffe83640000 - 0x00007ffe83909000 	C:\windows\System32\KERNELBASE.dll
0x00007ffe68f70000 - 0x00007ffe69061000 	C:\Program Files\Bitdefender\Bitdefender Security\atcuf\265261315017714245\atcuf64.dll
0x00007ffe83e80000 - 0x00007ffe84020000 	C:\windows\System32\USER32.dll
0x00007ffe83610000 - 0x00007ffe83632000 	C:\windows\System32\win32u.dll
0x00007ffe85290000 - 0x00007ffe852ba000 	C:\windows\System32\GDI32.dll
0x00007ffe833d0000 - 0x00007ffe834d9000 	C:\windows\System32\gdi32full.dll
0x00007ffe83c50000 - 0x00007ffe83ced000 	C:\windows\System32\msvcp_win.dll
0x00007ffe83b50000 - 0x00007ffe83c50000 	C:\windows\System32\ucrtbase.dll
0x00007ffe6f450000 - 0x00007ffe6f6eb000 	C:\windows\WinSxS\amd64_microsoft.windows.common-controls_6595b64144ccf1df_6.0.19041.488_none_ca04af081b815d21\COMCTL32.dll
0x00007ffe85bb0000 - 0x00007ffe85c4e000 	C:\windows\System32\msvcrt.dll
0x00007ffe84b00000 - 0x00007ffe84b30000 	C:\windows\System32\IMM32.DLL
0x00007ffe53880000 - 0x00007ffe53896000 	C:\Program Files\Java\jdk-11.0.2\bin\vcruntime140.dll
0x00007ffe4ffb0000 - 0x00007ffe5005a000 	C:\Program Files\Java\jdk-11.0.2\bin\msvcp140.dll
0x00007ffdf7d10000 - 0x00007ffdf8833000 	C:\Program Files\Java\jdk-11.0.2\bin\server\jvm.dll
0x00007ffe83cf0000 - 0x00007ffe83d9c000 	C:\windows\System32\ADVAPI32.dll
0x00007ffe853f0000 - 0x00007ffe8548c000 	C:\windows\System32\sechost.dll
0x00007ffe849d0000 - 0x00007ffe84afb000 	C:\windows\System32\RPCRT4.dll
0x00007ffe84020000 - 0x00007ffe84028000 	C:\windows\System32\PSAPI.DLL
0x00007ffe73760000 - 0x00007ffe73769000 	C:\windows\SYSTEM32\WSOCK32.dll
0x00007ffe85380000 - 0x00007ffe853eb000 	C:\windows\System32\WS2_32.dll
0x00007ffe7e660000 - 0x00007ffe7e687000 	C:\windows\SYSTEM32\WINMM.dll
0x00007ffe7e000000 - 0x00007ffe7e00a000 	C:\windows\SYSTEM32\VERSION.dll
0x00007ffe81300000 - 0x00007ffe81312000 	C:\windows\SYSTEM32\kernel.appcore.dll
0x00007ffe53650000 - 0x00007ffe53661000 	C:\Program Files\Java\jdk-11.0.2\bin\verify.dll
0x00007ffe7d060000 - 0x00007ffe7d244000 	C:\windows\SYSTEM32\DBGHELP.DLL
0x00007ffe79800000 - 0x00007ffe7982c000 	C:\windows\SYSTEM32\dbgcore.DLL
0x00007ffe834e0000 - 0x00007ffe83560000 	C:\windows\System32\bcryptPrimitives.dll
0x00007ffe4ff80000 - 0x00007ffe4ffa8000 	C:\Program Files\Java\jdk-11.0.2\bin\java.dll
0x00007ffe53430000 - 0x00007ffe53446000 	C:\Program Files\Java\jdk-11.0.2\bin\zip.dll
0x00007ffe60510000 - 0x00007ffe6051a000 	C:\Program Files\Java\jdk-11.0.2\bin\jimage.dll
0x00007ffe84220000 - 0x00007ffe84962000 	C:\windows\System32\SHELL32.dll
0x00007ffe81500000 - 0x00007ffe81c95000 	C:\windows\SYSTEM32\windows.storage.dll
0x00007ffe84c80000 - 0x00007ffe84fd6000 	C:\windows\System32\combase.dll
0x00007ffe82d70000 - 0x00007ffe82d9c000 	C:\windows\SYSTEM32\Wldp.dll
0x00007ffe85b00000 - 0x00007ffe85bae000 	C:\windows\System32\SHCORE.dll
0x00007ffe854f0000 - 0x00007ffe85545000 	C:\windows\System32\shlwapi.dll
0x00007ffe83300000 - 0x00007ffe83326000 	C:\windows\SYSTEM32\profapi.dll
0x00007ffe52f60000 - 0x00007ffe52f79000 	C:\Program Files\Java\jdk-11.0.2\bin\net.dll
0x00007ffe7b830000 - 0x00007ffe7b930000 	C:\windows\SYSTEM32\WINHTTP.dll
0x00007ffe7abb0000 - 0x00007ffe7ad9d000 	C:\windows\SYSTEM32\urlmon.dll
0x00007ffe7a900000 - 0x00007ffe7abb0000 	C:\windows\SYSTEM32\iertutil.dll
0x00007ffe82b60000 - 0x00007ffe82bca000 	C:\windows\system32\mswsock.dll
0x00007ffe52f00000 - 0x00007ffe52f13000 	C:\Program Files\Java\jdk-11.0.2\bin\nio.dll
0x00007ffdf7b70000 - 0x00007ffdf7d0e000 	C:\Program Files\Java\jdk-11.0.2\bin\awt.dll
0x00007ffe84030000 - 0x00007ffe840fd000 	C:\windows\System32\OLEAUT32.dll
0x00007ffe7fa00000 - 0x00007ffe7ffc0000 	C:\windows\SYSTEM32\d2d1.dll
0x00007ffe80c70000 - 0x00007ffe80d00000 	C:\windows\SYSTEM32\apphelp.dll
0x00007ffe5bbb0000 - 0x00007ffe5bbbd000 	C:\Program Files\Java\jdk-11.0.2\bin\sunmscapi.dll
0x00007ffe83940000 - 0x00007ffe83a9d000 	C:\windows\System32\CRYPT32.dll
0x00007ffe82eb0000 - 0x00007ffe82ed7000 	C:\windows\SYSTEM32\ncrypt.dll
0x00007ffe82e70000 - 0x00007ffe82eab000 	C:\windows\SYSTEM32\NTASN1.dll
0x00007ffe1d3d0000 - 0x00007ffe1d3f7000 	C:\Program Files\Java\jdk-11.0.2\bin\sunec.dll
0x00007ffe82db0000 - 0x00007ffe82dc8000 	C:\windows\SYSTEM32\CRYPTSP.dll
0x00007ffe824a0000 - 0x00007ffe824d4000 	C:\windows\system32\rsaenh.dll
0x00007ffe83910000 - 0x00007ffe83937000 	C:\windows\System32\bcrypt.dll
0x00007ffe832c0000 - 0x00007ffe832ee000 	C:\windows\SYSTEM32\USERENV.dll
0x00007ffe82ce0000 - 0x00007ffe82cec000 	C:\windows\SYSTEM32\CRYPTBASE.dll
0x00007ffe82820000 - 0x00007ffe8285b000 	C:\windows\SYSTEM32\IPHLPAPI.DLL
0x00007ffe84c70000 - 0x00007ffe84c78000 	C:\windows\System32\NSI.dll
0x00007ffe7e170000 - 0x00007ffe7e187000 	C:\windows\SYSTEM32\dhcpcsvc6.DLL
0x00007ffe7e0b0000 - 0x00007ffe7e0cd000 	C:\windows\SYSTEM32\dhcpcsvc.DLL
0x00007ffe82860000 - 0x00007ffe8292b000 	C:\windows\SYSTEM32\DNSAPI.dll
0x00007ffe7aea0000 - 0x00007ffe7aeaa000 	C:\Windows\System32\rasadhlp.dll
0x00007ffe7a250000 - 0x00007ffe7a2cf000 	C:\windows\System32\fwpuclnt.dll
0x00007ffe01430000 - 0x00007ffe014b0000 	C:\Program Files\Java\jdk-11.0.2\bin\freetype.dll
0x00007ffe013c0000 - 0x00007ffe0142f000 	C:\Program Files\Java\jdk-11.0.2\bin\fontmanager.dll
0x00007ffe81120000 - 0x00007ffe8114f000 	C:\windows\system32\DWMAPI.DLL
0x00007ffe80d60000 - 0x00007ffe80dfe000 	C:\windows\system32\uxtheme.dll
0x0000000180000000 - 0x0000000180038000 	C:\Users\d954m\AppData\Local\Temp\jna-94102841\jna16267881105555460599.dll
0x00007ffdf7850000 - 0x00007ffdf7b64000 	\\?\C:\Users\d954m\AppData\Local\Temp\165070~1\X86_64~1\TEXC_S~1.DLL

dbghelp: loaded successfully - version: 4.0.5 - missing functions: none
symbol engine: initialized successfully - sym options: 0x614 - pdb path: .;C:\Program Files\Java\jdk-11.0.2\bin;C:\windows\SYSTEM32;C:\Program Files\Bitdefender\Bitdefender Security\atcuf\265261315017714245;C:\windows\WinSxS\amd64_microsoft.windows.common-controls_6595b64144ccf1df_6.0.19041.488_none_ca04af081b815d21;C:\Program Files\Java\jdk-11.0.2\bin\server;C:\Users\d954m\AppData\Local\Temp\jna-94102841;\\?\C:\Users\d954m\AppData\Local\Temp\165070~1\X86_64~1

VM Arguments:
java_command: bob/bob.jar --settings bob/settings/release_game.project_settings --archive --with-symbols --variant debug --platform=x86_64-win32 --bo bob/releases/release/win clean resolve build bundle
java_class_path (initial): bob/bob.jar
Launcher Type: SUN_STANDARD

[Global flags]
     intx CICompilerCount                          = 12                                        {product} {ergonomic}
     uint ConcGCThreads                            = 3                                         {product} {ergonomic}
     uint G1ConcRefinementThreads                  = 13                                        {product} {ergonomic}
   size_t G1HeapRegionSize                         = 2097152                                   {product} {ergonomic}
    uintx GCDrainStackTargetSize                   = 64                                        {product} {ergonomic}
   size_t InitialHeapSize                          = 536870912                                 {product} {ergonomic}
   size_t MarkStackSize                            = 4194304                                   {product} {ergonomic}
   size_t MaxHeapSize                              = 8568963072                                {product} {ergonomic}
   size_t MaxNewSize                               = 5140119552                                {product} {ergonomic}
   size_t MinHeapDeltaBytes                        = 2097152                                   {product} {ergonomic}
    uintx NonNMethodCodeHeapSize                   = 7591728                                {pd product} {ergonomic}
    uintx NonProfiledCodeHeapSize                  = 122033256                              {pd product} {ergonomic}
    uintx ProfiledCodeHeapSize                     = 122033256                              {pd product} {ergonomic}
    uintx ReservedCodeCacheSize                    = 251658240                              {pd product} {ergonomic}
     bool SegmentedCodeCache                       = true                                      {product} {ergonomic}
     bool UseCompressedClassPointers               = true                                 {lp64_product} {ergonomic}
     bool UseCompressedOops                        = true                                 {lp64_product} {ergonomic}
     bool UseG1GC                                  = true                                      {product} {ergonomic}
     bool UseLargePagesIndividualAllocation        = false                                  {pd product} {ergonomic}

Logging:
Log output configuration:
 #0: stdout all=warning uptime,level,tags
 #1: stderr all=off uptime,level,tags

Environment Variables:
PATH=C:\Program Files\ImageMagick-7.0.10-Q16-HDRI;C:\Python39\Scripts\;C:\Python39\;C:\Windows\system32;C:\Windows;C:\Windows\System32\Wbem;C:\Windows\System32\WindowsPowerShell\v1.0\;C:\Windows\System32\OpenSSH\;C:\Program Files (x86)\NVIDIA Corporation\PhysX\Common;C:\Program Files\NVIDIA Corporation\NVIDIA NvDLISR;C:\MinGW\bin;C:\develop\bin;C:\develop\adb;C:\develop\lua\5.1\bin;C:\develop\luarocks-3.3.1-windows-32;C:\Users\d954m\AppData\Roaming\luarocks\bin;C:\HaxeToolkit\haxe;C:\HaxeToolkit\neko;C:\Program Files\Git\cmd;C:\Program Files\nodejs\;C:\ProgramData\chocolatey\bin;C:\Program Files\Java\jdk-11.0.2\bin;C:\Program Files\Java\jdk1.8.0_181\bin;C:\Program Files\Common Files\Oracle\Java\javapath;C:\Program Files (x86)\Common Files\Oracle\Java\javapath;C:\Program Files\PuTTY\;C:\develop\mongodb-database-tools\bin;C:\Program Files (x86)\HP\Common\HPDestPlgIn\;C:\develop\gradle\gradle-6.7.1\bin;C:\Program Files (x86)\AOMEI\AOMEI Backupper 6.3.0;C:\Program Files\dotnet\;C:\Users\d954m\AppData\Local\Microsoft\WindowsApps;C:\Users\d954m\AppData\Roaming\npm;C:\Program Files\heroku\bin;C:\Program Files (x86)\HP\Common\HPDestPlgIn\;C:\Users\d954m\.dotnet\tools
USERNAME=d954m
OS=Windows_NT
PROCESSOR_IDENTIFIER=AMD64 Family 23 Model 113 Stepping 0, AuthenticAMD



---------------  S Y S T E M  ---------------

OS: Windows 10 , 64 bit Build 19041 (10.0.19041.662)

CPU:total 16 (initial active 16) (16 cores per cpu, 2 threads per core) family 23 model 113 stepping 0, cmov, cx8, fxsr, mmx, sse, sse2, sse3, ssse3, sse4.1, sse4.2, popcnt, avx, avx2, aes, clmul, mmxext, 3dnowpref, lzcnt, sse4a, ht, tsc, tscinvbit, tscinv, bmi1, bmi2, adx, sha, fma

Memory: 4k page, system-wide physical 32682M (6963M free)
TotalPageFile size 34730M (AvailPageFile size 80M)
current process WorkingSet (physical memory assigned to process): 595M, peak: 595M
current process commit charge ("private bytes"): 817M, peak: 921M

vm_info: OpenJDK 64-Bit Server VM (11.0.2+9) for windows-amd64 JRE (11.0.2+9), built on Jan 18 2019 05:23:22 by "mach5one" with MS VC++ 15.5 (VS2017)

END.
